0.0 -17.452423581368507 -0.0
0.1 -17.177533734312203 -0.7200000000000001
0.2 -17.22970102884128 -1.4400000000000002
0.3 -17.298985119723366 -2.16
0.4 -17.372163010619634 -2.8800000000000003
0.5 -17.378326180189262 -3.6
0.6 -17.37251851292617 -4.32
0.7 -17.387315176780366 -5.040000000000001
0.8 -17.686652269986126 -5.760000000000001
0.9 -17.993811318274833 -6.48
1.0 -17.97076954393045 -7.2
1.1 -18.08538113861558 -7.920000000000001
1.2 -18.26263476285454 -8.64
1.3 -18.4544197105499 -9.360000000000001
1.4 -18.67581644438334 -10.080000000000002
1.5 -18.70355274670857 -10.8
1.6 -18.8214637937274 -11.520000000000001
1.7 -18.91078069933468 -12.24
1.8 -18.676464306603624 -12.96
1.9 -18.447284965065105 -13.680000000000001
2.0 -18.28372123376462 -14.4
2.1 -18.453894053566323 -15.120000000000001
2.2 -18.50328775660737 -15.840000000000002
2.3 -18.568415863849083 -16.560000000000002
2.4 -18.736044079764056 -17.28
2.5 -18.786734489267577 -18.0
2.6 -18.741592088692673 -18.720000000000002
2.7 -18.83055079607971 -19.44
2.8 -19.096240341068288 -20.160000000000004
2.9 -19.437640341741997 -20.88
3.0 -19.62658058527423 -21.6
3.1 -19.751439783682052 -22.32
3.2 -19.86306313956992 -23.040000000000003
3.3 -19.971093230474896 -23.76
3.4 -19.97552406090181 -24.48
3.5 -19.793891190648953 -25.2
3.6 -19.824616044444955 -25.92
3.7 -19.807563222043626 -26.64
3.8 -19.798345986468277 -27.360000000000003
3.9 -19.9707440172249 -28.08
4.0 -20.19406633714218 -28.8
4.1 -20.448800257274012 -29.52
4.2 -20.694402860113247 -30.240000000000002
4.3 -20.96261924843584 -30.96
4.4 -21.224325885911064 -31.680000000000003
4.5 -21.688642323226215 -32.4
4.6 -22.071273382725554 -33.120000000000005
4.7 -22.597677982232252 -33.84
4.8 -22.90781264897183 -34.56
4.9 -23.15698355342656 -35.28
5.0 -23.44404708627022 -36.0
5.1 -23.665254448924156 -36.720000000000006
5.2 -24.0199187950034 -37.440000000000005
5.3 -24.25544420668453 -38.16
5.4 -24.50639010731794 -38.88
5.5 -24.6229368686184 -39.6
5.6 -25.03270573878203 -40.32000000000001
5.7 -25.330152224520454 -41.04
5.8 -25.7441879683438 -41.76
5.9 -26.261219602374823 -42.480000000000004
6.0 -26.714031996368348 -43.2
6.1 -26.845863864509543 -43.92
6.2 -27.095765961474594 -44.64
6.3 -27.55037396084634 -45.36
6.4 -27.872516483357472 -46.080000000000005
6.5 -28.31307404986228 -46.800000000000004
6.6 -28.580683261521127 -47.52
6.7 -28.821874746029557 -48.24
6.8 -29.197166204285452 -48.96
6.9 -29.75239153912916 -49.68000000000001
7.0 -30.321548038663437 -50.4
7.1 -30.92689844623702 -51.120000000000005
7.2 -31.589056742380958 -51.84
7.3 -32.53614497044426 -52.56
7.4 -33.492674914128976 -53.28
7.5 -34.5536974592248 -54.0
7.6 -35.494177165757584 -54.720000000000006
7.7 -36.70804059994704 -55.440000000000005
7.8 -38.05512835661506 -56.16
7.9 -39.40888053983553 -56.88
8.0 -40.73141841006066 -57.6
8.1 -42.148644330024155 -58.32
8.2 -43.660778955135704 -59.04
8.3 -45.02338694583327 -59.760000000000005
8.4 -46.34478193907235 -60.480000000000004
8.5 -47.62463796610477 -61.2
8.6 -48.993053169687656 -61.92
8.7 -50.05411336317166 -62.64000000000001
8.8 -51.357627914012646 -63.36000000000001
8.9 -52.678032019903554 -64.08
9.0 -54.238082466856724 -64.8
9.1 -55.64126992653372 -65.52
9.2 -57.110826865711815 -66.24000000000001
9.3 -58.6422316286243 -66.96000000000001
9.4 -60.611508003471315 -67.68
9.5 -62.44571418528023 -68.4
9.6 -64.08577135968015 -69.12
9.7 -65.59125090822066 -69.84
9.8 -67.28525725678111 -70.56
9.9 -68.80130184217936 -71.28
10.0 -70.35213842810433 -72.0
10.1 -72.16342024411308 -72.72
10.2 -73.83627342833027 -73.44000000000001
10.3 -75.87530363550574 -74.16000000000001
10.4 -77.76518133454074 -74.88000000000001
10.5 -79.7879264427897 -75.60000000000001
10.6 -81.87533646388307 -76.32
10.7 -83.76480481984649 -77.04
10.8 -85.78426283993743 -77.76
10.9 -87.57509572527987 -78.48
11.0 -89.49281242103098 -79.2
11.1 -91.34301852210018 -79.92
11.2 -92.88818342392413 -80.64000000000001
11.3 -94.77477063325357 -81.36000000000001
11.4 -96.28553072727617 -82.08
11.5 -97.85391902242884 -82.8
11.6 -99.0322536557012 -83.52
11.7 -99.90249937034234 -84.24000000000001
11.8 -100.70320828078526 -84.96000000000001
11.9 -101.6533252098593 -85.68
12.0 -101.92716703948993 -86.4
12.1 -102.79246004274725 -87.12
12.2 -103.28572589788632 -87.84
12.3 -104.00556266786104 -88.56
12.4 -104.92842129443183 -89.28
12.5 -105.60263722839166 -90.0
12.6 -106.23576820215081 -90.72
12.7 -106.93183807358176 -91.44000000000001
12.8 -107.65117050216189 -92.16000000000001
12.9 -108.79694149043969 -92.88000000000001
13.0 -110.65695803257083 -93.60000000000001
13.1 -112.19274565026262 -94.32
13.2 -114.03117634681227 -95.04
13.3 -116.05707118253122 -95.76
13.4 -117.92279808418488 -96.48
13.5 -119.70870212723457 -97.2
13.6 -121.32185370079758 -97.92
13.7 -123.07237766568151 -98.64000000000001
13.8 -124.90680375017554 -99.36000000000001
13.9 -127.30519192447268 -100.08
14.0 -129.39694160689305 -100.8
14.1 -131.1483036227127 -101.52
14.2 -132.8064956831596 -102.24000000000001
14.3 -135.07101792763802 -102.96000000000001
14.4 -136.88516150467814 -103.68
14.5 -139.45120777806017 -104.4
14.6 -141.95259807938834 -105.12
14.7 -144.32909039300608 -105.84
14.8 -146.47377832893244 -106.56
14.9 -148.3002378801396 -107.28
15.0 -150.53155789286552 -108.0
15.1 -153.16645839348624 -108.72
15.2 -155.88759271568972 -109.44000000000001
15.3 -158.40991314962926 -110.16000000000001
15.4 -161.20023471174602 -110.88000000000001
15.5 -163.8206247283499 -111.60000000000001
15.6 -166.82997900640856 -112.32
15.7 -169.71305633026103 -113.04
15.8 -172.30118351639027 -113.76
15.9 -175.3300499416693 -114.48
16.0 -178.12741390981938 -115.2
16.1 -181.42264486695794 -115.92000000000002
16.2 -184.21652417744514 -116.64
16.3 -186.94785877601728 -117.36000000000001
16.4 -189.88111176129402 -118.08
16.5 -193.21613749594974 -118.8
16.6 -196.58406911769748 -119.52000000000001
16.7 -200.11563907226156 -120.24
16.8 -203.41998338660287 -120.96000000000001
16.9 -206.75413542880628 -121.67999999999999
17.0 -210.09484597802083 -122.4
17.1 -213.7129446142664 -123.12000000000002
17.2 -217.1740150054226 -123.84
17.3 -220.51411366243363 -124.56
17.4 -223.42369967016919 -125.28000000000002
17.5 -225.90246911966014 -126.0
17.6 -228.50345527342876 -126.72000000000001
17.7 -231.38025079339408 -127.44
17.8 -234.36229491637542 -128.16
17.9 -237.24337021646616 -128.88000000000002
18.0 -240.64354906659352 -129.6
18.1 -244.00259250076337 -130.32000000000002
18.2 -248.86918331537123 -131.04
18.3 -254.09840963964555 -131.76000000000002
18.4 -258.8438742291755 -132.48000000000002
18.5 -264.2082123060037 -133.20000000000002
18.6 -269.72353222479785 -133.92000000000002
18.7 -275.65565701158175 -134.64
18.8 -281.9909007582615 -135.36
18.9 -289.3025689877596 -136.08
19.0 -298.38283806508645 -136.8
